k9ToPebble/build/outputs/logs/manifest-merger-debug-report.txt
-- Merging decision tree log ---
manifest
ADDED from AndroidManifest.xml:2:1
	package
		ADDED from AndroidManifest.xml:3:5
		INJECTED from AndroidManifest.xml:0:0
		INJECTED from AndroidManifest.xml:0:0
	android:sharedUserId
		ADDED from AndroidManifest.xml:4:5
	android:sharedUserLabel
		ADDED from AndroidManifest.xml:5:5
	android:versionName
		ADDED from AndroidManifest.xml:7:5
	android:versionCode
		ADDED from AndroidManifest.xml:6:5
		INJECTED from AndroidManifest.xml:0:0
		INJECTED from AndroidManifest.xml:0:0
	xmlns:android
		ADDED from AndroidManifest.xml:2:11
uses-sdk
ADDED from AndroidManifest.xml:9:5
MERGED from com.getpebble:pebblekit:3.0.0:7:5
MERGED from com.android.support:support-v4:22.1.1:20:5
	android:targetSdkVersion
		ADDED from AndroidManifest.xml:11:9
		INJECTED from AndroidManifest.xml:0:0
		INJECTED from AndroidManifest.xml:0:0
	android:minSdkVersion
		ADDED from AndroidManifest.xml:10:9
		INJECTED from AndroidManifest.xml:0:0
		INJECTED from AndroidManifest.xml:0:0
application
ADDED from AndroidManifest.xml:13:5
MERGED from com.android.support:support-v4:22.1.1:22:5
	android:label
		ADDED from AndroidManifest.xml:16:9
	android:allowBackup
		ADDED from AndroidManifest.xml:14:9
	android:icon
		ADDED from AndroidManifest.xml:15:9
	android:theme
		ADDED from AndroidManifest.xml:17:9
activity#uk.co.k9topebble.ui.MainActivity
ADDED from AndroidManifest.xml:21:9
	android:label
		ADDED from AndroidManifest.xml:23:13
	android:name
		ADDED from AndroidManifest.xml:22:13
intent-filter#android.intent.action.MAIN+android.intent.category.LAUNCHER
ADDED from AndroidManifest.xml:24:13
action#android.intent.action.MAIN
ADDED from AndroidManifest.xml:25:17
	android:name
		ADDED from AndroidManifest.xml:25:25
category#android.intent.category.LAUNCHER
ADDED from AndroidManifest.xml:27:17
	android:name
		ADDED from AndroidManifest.xml:27:27
activity#uk.co.k9topebble.ui.UserSettingActivity
ADDED from AndroidManifest.xml:30:9
	android:label
		ADDED from AndroidManifest.xml:32:13
	android:name
		ADDED from AndroidManifest.xml:31:13
service#uk.co.k9topebble.InboxService
ADDED from AndroidManifest.xml:36:9
	android:process
		ADDED from AndroidManifest.xml:36:63
	android:name
		ADDED from AndroidManifest.xml:36:18
receiver#uk.co.k9topebble.K9Reciever
ADDED from AndroidManifest.xml:39:9
	android:exported
		ADDED from AndroidManifest.xml:39:45
	android:name
		ADDED from AndroidManifest.xml:39:19
intent-filter#com.fsck.k9.intent.action.EMAIL_RECEIVED
ADDED from AndroidManifest.xml:41:13
action#com.fsck.k9.intent.action.EMAIL_RECEIVED
ADDED from AndroidManifest.xml:42:17
	android:name
		ADDED from AndroidManifest.xml:42:25
data
ADDED from AndroidManifest.xml:43:14
	android:scheme
		ADDED from AndroidManifest.xml:43:20
intent-filter#com.fsck.k9.intent.action.EMAIL_DELETED
ADDED from AndroidManifest.xml:45:13
action#com.fsck.k9.intent.action.EMAIL_DELETED
ADDED from AndroidManifest.xml:46:17
	android:name
		ADDED from AndroidManifest.xml:46:25
intent-filter#com.kaitenmail.adsupported.intent.action.EMAIL_RECEIVED
ADDED from AndroidManifest.xml:50:13
action#com.kaitenmail.adsupported.intent.action.EMAIL_RECEIVED
ADDED from AndroidManifest.xml:51:17
	android:name
		ADDED from AndroidManifest.xml:51:25
intent-filter#com.kaitenmail.adsupported.intent.action.EMAIL_DELETED
ADDED from AndroidManifest.xml:54:13
action#com.kaitenmail.adsupported.intent.action.EMAIL_DELETED
ADDED from AndroidManifest.xml:55:17
	android:name
		ADDED from AndroidManifest.xml:55:25
intent-filter#com.kaitenmail.intent.action.EMAIL_RECEIVED
ADDED from AndroidManifest.xml:59:13
action#com.kaitenmail.intent.action.EMAIL_RECEIVED
ADDED from AndroidManifest.xml:60:17
	android:name
		ADDED from AndroidManifest.xml:60:25
intent-filter#com.kaitenmail.intent.action.EMAIL_DELETED
ADDED from AndroidManifest.xml:63:13
action#com.kaitenmail.intent.action.EMAIL_DELETED
ADDED from AndroidManifest.xml:64:17
	android:name
		ADDED from AndroidManifest.xml:64:25
intent-filter#org.koxx.k9ForPureWidget.intent.action.EMAIL_RECEIVED
ADDED from AndroidManifest.xml:68:13
action#org.koxx.k9ForPureWidget.intent.action.EMAIL_RECEIVED
ADDED from AndroidManifest.xml:69:17
	android:name
		ADDED from AndroidManifest.xml:69:25
intent-filter#org.koxx.k9ForPureWidget.intent.action.EMAIL_DELETED
ADDED from AndroidManifest.xml:72:13
action#org.koxx.k9ForPureWidget.intent.action.EMAIL_DELETED
ADDED from AndroidManifest.xml:73:17
	android:name
		ADDED from AndroidManifest.xml:73:25
intent-filter#com.getpebble.action.app.PEBBLE_CONNECTED+com.getpebble.action.app.PEBBLE_DISCONNECTED+com.getpebble.action.app.RECEIVE+com.getpebble.action.app.RECEIVE_ACK+com.getpebble.action.app.RECEIVE_NACK
ADDED from AndroidManifest.xml:77:13
action#com.getpebble.action.app.RECEIVE
ADDED from AndroidManifest.xml:78:17
	android:name
		ADDED from AndroidManifest.xml:78:25
action#com.getpebble.action.app.RECEIVE_ACK
ADDED from AndroidManifest.xml:79:17
	android:name
		ADDED from AndroidManifest.xml:79:25
action#com.getpebble.action.app.RECEIVE_NACK
ADDED from AndroidManifest.xml:80:17
	android:name
		ADDED from AndroidManifest.xml:80:25
action#com.getpebble.action.app.PEBBLE_CONNECTED
ADDED from AndroidManifest.xml:81:17
	android:name
		ADDED from AndroidManifest.xml:81:25
action#com.getpebble.action.app.PEBBLE_DISCONNECTED
ADDED from AndroidManifest.xml:82:17
	android:name
		ADDED from AndroidManifest.xml:82:25
uses-permission#com.fsck.k9.permission.READ_MESSAGES
ADDED from AndroidManifest.xml:88:9
	android:name
		ADDED from AndroidManifest.xml:88:26
uses-permission#com.fsck.k9.permission.DELETE_MESSAGES
ADDED from AndroidManifest.xml:89:9
	android:name
		ADDED from AndroidManifest.xml:89:26
uses-permission#com.kaitenmail.permission.READ_MESSAGES
ADDED from AndroidManifest.xml:90:9
	android:name
		ADDED from AndroidManifest.xml:90:26
uses-permission#com.kaitenmail.permission.DELETE_MESSAGES
ADDED from AndroidManifest.xml:91:9
	android:name
		ADDED from AndroidManifest.xml:91:26
uses-permission#com.kaitenmail.adsupported.permission.READ_MESSAGES
ADDED from AndroidManifest.xml:92:9
	android:name
		ADDED from AndroidManifest.xml:92:26
uses-permission#com.kaitenmail.adsupported.permission.DELETE_MESSAGES
ADDED from AndroidManifest.xml:93:9
	android:name
		ADDED from AndroidManifest.xml:93:26
uses-permission#org.koxx.k9ForPureWidget.permission.READ_MESSAGES
ADDED from AndroidManifest.xml:94:9
	android:name
		ADDED from AndroidManifest.xml:94:26
uses-permission#org.koxx.k9ForPureWidget.permission.DELETE_MESSAGES
ADDED from AndroidManifest.xml:95:9
	android:name
		ADDED from AndroidManifest.xml:95:26